2024-11-26 01:40:59: Table 'alojamiento.usuarioss' doesn't exist
2024-11-26 01:41:41: Table 'alojamiento.usuarioss' doesn't exist
2024-11-26 01:41:47: Table 'alojamiento.usuarioss' doesn't exist
2024-11-26 01:47:37: Table 'alojamiento.usuariossss' doesn't exist
2024-11-26 01:48:02: You have an error in your SQL syntax; check the manual that corresponds to your MySQL server version for the right syntax to use near 'identificacion, nombre, nombre_usuario, clave, correo) 
        VALUES ('090909' at line 1
2024-12-03 01:40:08: Data truncated for column 'tipo' at row 1
2024-12-09 00:53:55: You have an error in your SQL syntax; check the manual that corresponds to your MySQL server version for the right syntax to use near '123'),'tjordan@gmail.com', 'GENERAL')' at line 2
2024-12-09 00:56:31: You have an error in your SQL syntax; check the manual that corresponds to your MySQL server version for the right syntax to use near '123'),'tjordan@gmail.com', 'GENERAL')' at line 2
2024-12-09 00:58:33: You have an error in your SQL syntax; check the manual that corresponds to your MySQL server version for the right syntax to use near '123'),'tjordan@gmail.com', 'GENERAL')' at line 2
2024-12-09 05:28:12: Unknown column 'id' in 'where clause'
2024-12-09 05:28:16: Unknown column 'id' in 'where clause'
2024-12-09 05:31:55: Unknown column 'id' in 'where clause'
2024-12-09 05:32:00: Unknown column 'id' in 'where clause'
2024-12-09 05:33:05: Unknown column 'id' in 'where clause'
2024-12-09 05:33:06: Unknown column 'id' in 'where clause'
2024-12-09 05:33:43: Unknown column 'id' in 'where clause'
2024-12-09 05:33:45: Unknown column 'id' in 'where clause'
2024-12-09 05:39:17: Unknown column 'id' in 'where clause'
2024-12-09 05:40:09: Unknown column 'id' in 'where clause'
2024-12-09 05:40:11: Unknown column 'id' in 'where clause'
2024-12-09 05:40:12: Unknown column 'id' in 'where clause'
2024-12-09 05:40:50: Unknown column 'id' in 'where clause'
2024-12-09 05:40:55: Unknown column 'id' in 'where clause'
2024-12-09 05:44:09: Unknown column 'id' in 'where clause'
2024-12-09 05:45:27: Unknown column 'id' in 'where clause'
2024-12-09 05:45:29: Unknown column 'id' in 'where clause'
2024-12-09 05:45:29: Unknown column 'id' in 'where clause'
2024-12-09 05:47:50: Unknown column 'id' in 'where clause'
2024-12-09 05:47:54: Unknown column 'id' in 'where clause'
2024-12-09 05:50:08: Unknown column 'id' in 'where clause'
2024-12-09 05:50:12: Unknown column 'id' in 'where clause'
2024-12-09 05:50:53: Unknown column 'id' in 'where clause'
2024-12-09 05:51:00: Unknown column 'id' in 'where clause'
2024-12-09 11:45:30: Unknown column 'id' in 'where clause'
2024-12-09 11:51:06: Unknown column 'id' in 'where clause'
2024-12-09 11:51:39: Unknown column 'id' in 'where clause'
2024-12-09 11:53:01: Unknown column 'id' in 'where clause'
2024-12-09 12:07:48: Unknown column 'id' in 'where clause'
2024-12-09 22:53:22: Unknown column 'id' in 'where clause'
2024-12-09 22:53:25: Unknown column 'id' in 'where clause'
2024-12-09 23:10:58: Unknown column 'id' in 'where clause'
2024-12-09 23:13:59: Unknown column 'id' in 'where clause'
2024-12-09 23:14:26: Unknown column 'id' in 'where clause'
2024-12-09 23:14:48: Unknown column 'id' in 'where clause'
2024-12-09 23:17:17: Unknown column 'id' in 'where clause'
2024-12-09 23:17:20: Unknown column 'id' in 'where clause'
2024-12-09 23:17:29: Unknown column 'id' in 'where clause'
2024-12-09 23:17:34: Unknown column 'id' in 'where clause'
2024-12-09 23:17:37: Unknown column 'id' in 'where clause'
2024-12-09 23:18:51: Unknown column 'id' in 'where clause'
2024-12-09 23:18:54: Unknown column 'id' in 'where clause'
2024-12-09 23:19:03: Unknown column 'id' in 'where clause'
2024-12-09 23:25:22: Unknown column 'id' in 'where clause'
2024-12-09 23:25:28: Unknown column 'id' in 'where clause'
2024-12-09 23:26:47: Unknown column 'id' in 'where clause'
2024-12-09 23:26:49: Unknown column 'id' in 'where clause'
2024-12-09 23:27:22: Unknown column 'id' in 'where clause'
2024-12-09 23:27:29: Unknown column 'id' in 'where clause'
2024-12-09 23:27:33: Unknown column 'id' in 'where clause'
2024-12-09 23:27:36: Unknown column 'id' in 'where clause'
2024-12-09 23:27:40: Unknown column 'id' in 'where clause'
2024-12-09 23:28:30: Unknown column 'id' in 'where clause'
2024-12-09 23:29:22: Unknown column 'id' in 'where clause'
2024-12-09 23:30:49: Unknown column 'id' in 'where clause'
2024-12-09 23:30:50: Unknown column 'id' in 'where clause'
2024-12-09 23:47:32: Unknown column 'id' in 'where clause'
2024-12-09 23:50:59: Unknown column 'id' in 'where clause'
